<?xml version="1.0" encoding="UTF-8"?>
<!-- Generated by org.testng.reporters.JUnitXMLReporter -->
<testsuite ignored="0" hostname="LAPTOP-P59I705N" failures="0" tests="2" name="Test" time="17.206" errors="0" timestamp="2022-05-25T11:09:42 BST">
  <testcase classname="testClasses.VerifyTextusingTestNg" name="@AfterMethod loggingout" time="2.246">
    <failure type="org.openqa.selenium.interactions.MoveTargetOutOfBoundsException" message="(1059, 608) is out of bounds of viewport width (1280) and height (595)
Build info: version: &amp;apos;3.141.59&amp;apos;, revision: &amp;apos;e82be7d358&amp;apos;, time: &amp;apos;2018-11-14T08:17:03&amp;apos;
System info: host: &amp;apos;LAPTOP-P59I705N&amp;apos;, ip: &amp;apos;192.168.0.11&amp;apos;, os.name: &amp;apos;Windows 10&amp;apos;, os.arch: &amp;apos;amd64&amp;apos;, os.version: &amp;apos;10.0&amp;apos;, java.version: &amp;apos;17.0.2&amp;apos;
Driver info: org.openqa.selenium.firefox.FirefoxDriver
Capabilities {acceptInsecureCerts: true, browserName: firefox, browserVersion: 100.0.2, javascriptEnabled: true, moz:accessibilityChecks: false, moz:buildID: 20220519220738, moz:geckodriverVersion: 0.31.0, moz:headless: false, moz:processID: 44864, moz:profile: C:\Users\NIKHIL~1\AppData\L..., moz:shutdownTimeout: 60000, moz:useNonSpecCompliantPointerOrigin: false, moz:webdriverClick: true, pageLoadStrategy: normal, platform: WINDOWS, platformName: WINDOWS, platformVersion: 10.0, proxy: Proxy(), setWindowRect: true, strictFileInteractability: false, timeouts: {implicit: 0, pageLoad: 300000, script: 30000}, unhandledPromptBehavior: dismiss and notify}
Session ID: d5654909-0e5f-4b72-a6b4-bc22cffd7dd2">
      <![CDATA[org.openqa.selenium.interactions.MoveTargetOutOfBoundsException: (1059, 608) is out of bounds of viewport width (1280) and height (595)
Build info: version: '3.141.59', revision: 'e82be7d358', time: '2018-11-14T08:17:03'
System info: host: 'LAPTOP-P59I705N', ip: '192.168.0.11', os.name: 'Windows 10', os.arch: 'amd64', os.version: '10.0', java.version: '17.0.2'
Driver info: org.openqa.selenium.firefox.FirefoxDriver
Capabilities {acceptInsecureCerts: true, browserName: firefox, browserVersion: 100.0.2, javascriptEnabled: true, moz:accessibilityChecks: false, moz:buildID: 20220519220738, moz:geckodriverVersion: 0.31.0, moz:headless: false, moz:processID: 44864, moz:profile: C:\Users\NIKHIL~1\AppData\L..., moz:shutdownTimeout: 60000, moz:useNonSpecCompliantPointerOrigin: false, moz:webdriverClick: true, pageLoadStrategy: normal, platform: WINDOWS, platformName: WINDOWS, platformVersion: 10.0, proxy: Proxy(), setWindowRect: true, strictFileInteractability: false, timeouts: {implicit: 0, pageLoad: 300000, script: 30000}, unhandledPromptBehavior: dismiss and notify}
Session ID: d5654909-0e5f-4b72-a6b4-bc22cffd7dd2
at org.openqa.selenium.remote.http.W3CHttpResponseCodec.createException(W3CHttpResponseCodec.java:187)
at org.openqa.selenium.remote.http.W3CHttpResponseCodec.decode(W3CHttpResponseCodec.java:122)
at org.openqa.selenium.remote.http.W3CHttpResponseCodec.decode(W3CHttpResponseCodec.java:49)
at org.openqa.selenium.remote.HttpCommandExecutor.execute(HttpCommandExecutor.java:158)
at org.openqa.selenium.remote.service.DriverCommandExecutor.execute(DriverCommandExecutor.java:83)
at org.openqa.selenium.remote.RemoteWebDriver.execute(RemoteWebDriver.java:552)
at org.openqa.selenium.remote.RemoteWebDriver.perform(RemoteWebDriver.java:618)
at org.openqa.selenium.interactions.Actions$BuiltAction.perform(Actions.java:639)
at org.openqa.selenium.interactions.Actions.perform(Actions.java:595)
at pomClasses.HomePage.signout(HomePage.java:53)
at testClasses.VerifyTextusingTestNg.loggingout(VerifyTextusingTestNg.java:99)
at java.base/java.util.concurrent.ThreadPoolExecutor.runWorker(ThreadPoolExecutor.java:1136)
at java.base/java.util.concurrent.ThreadPoolExecutor$Worker.run(ThreadPoolExecutor.java:635)
at java.base/java.lang.Thread.run(Thread.java:833)
... Removed 22 stack frames]]>
    </failure>
  </testcase> <!-- @AfterMethod loggingout -->
  <testcase classname="testClasses.VerifyTextusingTestNg" name="@BeforeMethod logingin" time="-1.653473382256E9">
    <skipped/>
  </testcase> <!-- @BeforeMethod logingin -->
  <testcase classname="testClasses.VerifyTextusingTestNg" name="@AfterMethod loggingout" time="-1.653473382269E9">
    <skipped/>
  </testcase> <!-- @AfterMethod loggingout -->
  <testcase classname="testClasses.VerifyTextusingTestNg" name="@AfterClass clearobj" time="-1.653473382272E9">
    <skipped/>
  </testcase> <!-- @AfterClass clearobj -->
  <testcase classname="testClasses.VerifyTextusingTestNg" name="@AfterTest closeBrowser" time="-1.653473382274E9">
    <skipped/>
  </testcase> <!-- @AfterTest closeBrowser -->
  <testcase classname="testClasses.VerifyTextusingTestNg" name="verifyURLafterlogin" time="8.235"/>
  <testcase classname="testClasses.VerifyTextusingTestNg" name="verifyURLoftodaysdeals" time="0.0">
    <skipped/>
  </testcase> <!-- verifyURLoftodaysdeals -->
</testsuite> <!-- Test -->
