<?xml version="1.0" encoding="UTF-8"?>
<!-- Generated by org.testng.reporters.JUnitXMLReporter -->
<testsuite ignored="0" hostname="LAPTOP-P59I705N" failures="0" tests="2" name="Default test" time="0.057" errors="0" timestamp="2022-05-28T22:01:00 BST">
  <testcase classname="testClasses.VerifyURLusingTestNg" name="@BeforeTest launchBrowser" time="-1.653771660283E9">
    <failure type="org.testng.TestNGException" message="
Parameter &amp;apos;browserName&amp;apos; is required by BeforeTest on method launchBrowser but has not been marked @Optional or defined
in C:\Users\Nikhil-PC\AppData\Local\Temp\testng-eclipse--933958914\testng-customsuite.xml">
      <![CDATA[org.testng.TestNGException: 
Parameter 'browserName' is required by BeforeTest on method launchBrowser but has not been marked @Optional or defined
in C:\Users\Nikhil-PC\AppData\Local\Temp\testng-eclipse--933958914\testng-customsuite.xml
at org.testng.internal.Parameters.createParams(Parameters.java:270)
at org.testng.internal.Parameters.createParametersForMethod(Parameters.java:358)
at org.testng.internal.Parameters.createParameters(Parameters.java:700)
at org.testng.internal.Parameters.createConfigurationParameters(Parameters.java:168)
at org.testng.internal.ConfigInvoker.invokeConfigurations(ConfigInvoker.java:302)
at org.testng.TestRunner.invokeTestConfigurations(TestRunner.java:637)
at org.testng.TestRunner.beforeRun(TestRunner.java:627)
at org.testng.TestRunner.run(TestRunner.java:589)
at org.testng.SuiteRunner.runTest(SuiteRunner.java:377)
at org.testng.SuiteRunner.runSequentially(SuiteRunner.java:371)
at org.testng.SuiteRunner.privateRun(SuiteRunner.java:332)
at org.testng.SuiteRunner.run(SuiteRunner.java:276)
at org.testng.SuiteRunnerWorker.runSuite(SuiteRunnerWorker.java:53)
at org.testng.SuiteRunnerWorker.run(SuiteRunnerWorker.java:96)
at org.testng.TestNG.runSuitesSequentially(TestNG.java:1212)
at org.testng.TestNG.runSuitesLocally(TestNG.java:1134)
at org.testng.TestNG.runSuites(TestNG.java:1063)
at org.testng.TestNG.run(TestNG.java:1031)
at org.testng.remote.AbstractRemoteTestNG.run(AbstractRemoteTestNG.java:115)
at org.testng.remote.RemoteTestNG.initAndRun(RemoteTestNG.java:251)
at org.testng.remote.RemoteTestNG.main(RemoteTestNG.java:77)
]]>
    </failure>
  </testcase> <!-- @BeforeTest launchBrowser -->
  <testcase classname="testClasses.VerifyURLusingTestNg" name="@BeforeClass createPOMobj" time="-1.653771660306E9">
    <skipped/>
  </testcase> <!-- @BeforeClass createPOMobj -->
  <testcase classname="testClasses.VerifyURLusingTestNg" name="@BeforeMethod logingin" time="-1.653771660319E9">
    <skipped/>
  </testcase> <!-- @BeforeMethod logingin -->
  <testcase classname="testClasses.VerifyURLusingTestNg" name="@AfterMethod loggingout" time="-1.653771660326E9">
    <skipped/>
  </testcase> <!-- @AfterMethod loggingout -->
  <testcase classname="testClasses.VerifyURLusingTestNg" name="@BeforeMethod logingin" time="-1.653771660327E9">
    <skipped/>
  </testcase> <!-- @BeforeMethod logingin -->
  <testcase classname="testClasses.VerifyURLusingTestNg" name="@AfterMethod loggingout" time="-1.65377166033E9">
    <skipped/>
  </testcase> <!-- @AfterMethod loggingout -->
  <testcase classname="testClasses.VerifyURLusingTestNg" name="@AfterClass clearobj" time="-1.653771660332E9">
    <skipped/>
  </testcase> <!-- @AfterClass clearobj -->
  <testcase classname="testClasses.VerifyURLusingTestNg" name="@AfterTest closeBrowser" time="-1.653771660334E9">
    <skipped/>
  </testcase> <!-- @AfterTest closeBrowser -->
  <testcase classname="testClasses.VerifyURLusingTestNg" name="verifyURLafterlogin" time="0.0">
    <skipped/>
  </testcase> <!-- verifyURLafterlogin -->
  <testcase classname="testClasses.VerifyURLusingTestNg" name="verifyURLoftodaysdeals" time="0.0">
    <skipped/>
  </testcase> <!-- verifyURLoftodaysdeals -->
</testsuite> <!-- Default test -->
